<<<<<<< HEAD
﻿  SceneText.cpp
e:\github repositories\advgdev-assignment\nyp_framework_solution_with multiple npcs\nyp_framework_solution\base\source\basepart.h(15): warning C4244: '=': conversion from 'int' to 'float', possible loss of data
=======
﻿  Mech.cpp
e:\github repositories\advgdev-assignment\nyp_framework_solution_with multiple npcs\nyp_framework_solution\base\source\mech.cpp(87): warning C4244: 'argument': conversion from 'double' to 'float', possible loss of data
e:\github repositories\advgdev-assignment\nyp_framework_solution_with multiple npcs\nyp_framework_solution\base\source\mech.cpp(93): warning C4244: 'argument': conversion from 'double' to 'float', possible loss of data
  Enemy.cpp
e:\github repositories\advgdev-assignment\nyp_framework_solution_with multiple npcs\nyp_framework_solution\base\source\enemy\enemy.cpp(234): warning C4244: 'argument': conversion from 'int' to 'float', possible loss of data
  Generating Code...
  Compiling...
  SceneText.cpp
e:\github repositories\advgdev-assignment\nyp_framework_solution_with multiple npcs\nyp_framework_solution\base\source\basepart.h(15): warning C4244: '=': conversion from 'int' to 'float', possible loss of data
  Application.cpp
  Generating Code...
>>>>>>> e2206de03935d7ed760daefce18bcd49866e2a05
Application.obj : warning LNK4075: ignoring '/EDITANDCONTINUE' due to '/OPT:LBR' specification
LINK : warning LNK4098: defaultlib 'MSVCRT' conflicts with use of other libs; use /NODEFAULTLIB:library
  Base.vcxproj -> E:\Github Repositories\AdvGDev-Assignment\NYP_Framework_SOLUTION_with multiple NPCs\NYP_Framework_SOLUTION\Debug\Base.exe
  Base.vcxproj -> E:\Github Repositories\AdvGDev-Assignment\NYP_Framework_SOLUTION_with multiple NPCs\NYP_Framework_SOLUTION\Debug\Base.pdb (Full PDB)
